[debug] [2023-01-13T03:28:54.888Z] ----------------------------------------------------------------------
[debug] [2023-01-13T03:28:54.891Z] Command:       C:\Program Files\nodejs\node.exe C:\Users\Administrator\AppData\Roaming\npm\node_modules\firebase-tools\lib\bin\firebase.js init
[debug] [2023-01-13T03:28:54.891Z] CLI Version:   11.20.0
[debug] [2023-01-13T03:28:54.891Z] Platform:      win32
[debug] [2023-01-13T03:28:54.891Z] Node Version:  v19.3.0
[debug] [2023-01-13T03:28:54.891Z] Time:          Fri Jan 13 2023 12:28:54 GMT+0900 (대한민국 표준시)
[debug] [2023-01-13T03:28:54.892Z] ----------------------------------------------------------------------
[debug] 
[debug] [2023-01-13T03:28:54.895Z] >>> [apiv2][query] GET https://firebase-public.firebaseio.com/cli.json [none]
[debug] [2023-01-13T03:28:54.945Z] > command requires scopes: ["email","openid","https://www.googleapis.com/auth/cloudplatformprojects.readonly","https://www.googleapis.com/auth/firebase","https://www.googleapis.com/auth/cloud-platform"]
[debug] [2023-01-13T03:28:54.946Z] > authorizing via signed-in user (wonyounggod@gmail.com)
[info] 
     ######## #### ########  ######## ########     ###     ######  ########
     ##        ##  ##     ## ##       ##     ##  ##   ##  ##       ##
     ######    ##  ########  ######   ########  #########  ######  ######
     ##        ##  ##    ##  ##       ##     ## ##     ##       ## ##
     ##       #### ##     ## ######## ########  ##     ##  ######  ########

You're about to initialize a Firebase project in this directory:

  C:\xampp\htdocs\Vue_basic\todo_list

Before we get started, keep in mind:

  * You are currently outside your home directory

[debug] [2023-01-13T03:28:55.394Z] <<< [apiv2][status] GET https://firebase-public.firebaseio.com/cli.json 200
[debug] [2023-01-13T03:28:55.395Z] <<< [apiv2][body] GET https://firebase-public.firebaseio.com/cli.json {"cloudBuildErrorAfter":1594252800000,"cloudBuildWarnAfter":1590019200000,"defaultNode10After":1594252800000,"minVersion":"3.0.5","node8DeploysDisabledAfter":1613390400000,"node8RuntimeDisabledAfter":1615809600000,"node8WarnAfter":1600128000000}
